#
# A fatal error has been detected by the Java Runtime Environment:
#
#  EXCEPTION_ACCESS_VIOLATION (0xc0000005) at pc=0x00007ff9cce6b21e, pid=5512, tid=1600
#
# JRE version: Java(TM) SE Runtime Environment (16.0.1+9) (build 16.0.1+9-24)
# Java VM: Java HotSpot(TM) 64-Bit Server VM (16.0.1+9-24, mixed mode, sharing, tiered, compressed oops, compressed class ptrs, g1 gc, windows-amd64)
# Problematic frame:
# C  0x00007ff9cce6b21e
#
# No core dump will be written. Minidumps are not enabled by default on client versions of Windows
#
# If you would like to submit a bug report, please visit:
#   https://bugreport.java.com/bugreport/crash.jsp
# The crash happened outside the Java Virtual Machine in native code.
# See problematic frame for where to report the bug.
#

---------------  S U M M A R Y ------------

Command Line: -XX:TieredStopAtLevel=1 -Xverify:none -Dspring.output.ansi.enabled=always -Dcom.sun.management.jmxremote -Dspring.jmx.enabled=true -Dspring.liveBeansView.mbeanDomain -Dspring.application.admin.enabled=true -javaagent:C:\Program Files\JetBrains\IntelliJ IDEA 2021.3.2\lib\idea_rt.jar=53976:C:\Program Files\JetBrains\IntelliJ IDEA 2021.3.2\bin -Dfile.encoding=UTF-8 com.monash.analytics.video.AnalyticsVideoApplication

Host: Intel(R) Core(TM) i7-10850H CPU @ 2.70GHz, 12 cores, 31G,  Windows 10 , 64 bit Build 19041 (10.0.19041.1706)
Time: Fri Jun 24 17:17:14 2022 AUS Eastern Standard Time elapsed time: 26.497050 seconds (0d 0h 0m 26s)

---------------  T H R E A D  ---------------

Current thread (0x000001bf6b199fa0):  JavaThread "pool-10-thread-1" [_thread_in_native, id=1600, stack(0x0000004149100000,0x0000004149200000)]

Stack: [0x0000004149100000,0x0000004149200000],  sp=0x00000041491ff0c8,  free space=1020k
Native frames: (J=compiled Java code, j=interpreted, Vv=VM code, C=native code)
C  0x00007ff9cce6b21e

Java frames: (J=compiled Java code, j=interpreted, Vv=VM code)
j  org.bytedeco.videoinput.videoInput.getPixels(ILorg/bytedeco/javacpp/BytePointer;ZZ)Z+0
j  org.bytedeco.javacv.VideoInputFrameGrabber.grab()Lorg/bytedeco/javacv/Frame;+107
j  com.monash.analytics.video.service.VideoUtils$2.run()V+14
j  java.util.concurrent.Executors$RunnableAdapter.call()Ljava/lang/Object;+4 java.base@16.0.1
j  java.util.concurrent.FutureTask.runAndReset()Z+44 java.base@16.0.1
j  java.util.concurrent.ScheduledThreadPoolExecutor$ScheduledFutureTask.run()V+35 java.base@16.0.1
j  java.util.concurrent.ThreadPoolExecutor.runWorker(Ljava/util/concurrent/ThreadPoolExecutor$Worker;)V+92 java.base@16.0.1
j  java.util.concurrent.ThreadPoolExecutor$Worker.run()V+5 java.base@16.0.1
j  java.lang.Thread.run()V+11 java.base@16.0.1
v  ~StubRoutines::call_stub

siginfo: EXCEPTION_ACCESS_VIOLATION (0xc0000005), writing address 0x000001bff1d23080


Register to memory mapping:

RIP=0x00007ff9cce6b21e points into unknown readable memory: f3 a4
RAX=0x000001bff1d23080 is an unknown value
RBX=0x000001bff1d23080 is an unknown value
RCX=0x0000000000000f00 is an unknown value
RDX=0xfffffffff9d9e0c0 is an unknown value
RSP=0x00000041491ff0c8 is pointing into the stack for thread: 0x000001bf6b199fa0
RBP=0x00000000000002d0 is an unknown value
RSI=0x000001bfebac1140 points into unknown readable memory: 0x0000000000000000 | 00 00 00 00 00 00 00 00
RDI=0x000001bff1d23080 is an unknown value
R8 =0x0000000000000f00 is an unknown value
R9 =0x0000000000000500 is an unknown value
R10=0x000001bfebac1140 points into unknown readable memory: 0x0000000000000000 | 00 00 00 00 00 00 00 00
R11=0x000001bff1d23080 is an unknown value
R12=0x0 is NULL
R13=0x000001bf2269a9b0 is pointing into metadata
R14=0xfffffffffffff100 is an unknown value
R15=0x0 is NULL


Registers:
RAX=0x000001bff1d23080, RBX=0x000001bff1d23080, RCX=0x0000000000000f00, RDX=0xfffffffff9d9e0c0
RSP=0x00000041491ff0c8, RBP=0x00000000000002d0, RSI=0x000001bfebac1140, RDI=0x000001bff1d23080
R8 =0x0000000000000f00, R9 =0x0000000000000500, R10=0x000001bfebac1140, R11=0x000001bff1d23080
R12=0x0000000000000000, R13=0x000001bf2269a9b0, R14=0xfffffffffffff100, R15=0x0000000000000000
RIP=0x00007ff9cce6b21e, EFLAGS=0x0000000000010202

Top of Stack: (sp=0x00000041491ff0c8)
0x00000041491ff0c8:   0000000000000f00 000001bfebac1140
0x00000041491ff0d8:   00007ff9cce53d4e 0000000000000000
0x00000041491ff0e8:   00000041491ff148 000001bff1d23080
0x00000041491ff0f8:   000001bff1d23000 000001bff1d23000
0x00000041491ff108:   00007ff9cce52858 0000000000000000
0x00000041491ff118:   000001bf21ca3908 000001bff1d23080
0x00000041491ff128:   0000000000000000 00000041000002d0
0x00000041491ff138:   000001bf6b199f00 00000041491ff101
0x00000041491ff148:   00007ff99c9d6e14 00000041491ff290
0x00000041491ff158:   000001bff1d23080 000001bf21ca3860
0x00000041491ff168:   00007ff9cce5d53b 000001bf6b19a2b0
0x00000041491ff178:   000001bf00a06ad9 00000041491ff260
0x00000041491ff188:   0000000609837fa8 000001bf20df3c01
0x00000041491ff198:   0000000000000000 00000041491ff100
0x00000041491ff1a8:   00000041491ff218 000001bf6b199fa0
0x00000041491ff1b8:   00000041491ff2a0 000001bf00009626 

Instructions: (pc=0x00007ff9cce6b21e)
0x00007ff9cce6b11e:   ff d0 e8 3b fc ff ff 48 8b c8 48 8b 54 24 38 48
0x00007ff9cce6b12e:   8b 12 41 b8 02 00 00 00 e8 f5 fb ff ff 48 83 c4
0x00007ff9cce6b13e:   28 c3 cc cc cc cc cc cc 66 66 0f 1f 84 00 00 00
0x00007ff9cce6b14e:   00 00 48 83 ec 28 48 89 4c 24 30 48 89 54 24 38
0x00007ff9cce6b15e:   44 89 44 24 40 48 8b 12 48 8b c1 e8 c2 fb ff ff
0x00007ff9cce6b16e:   ff d0 e8 eb fb ff ff 48 83 c4 28 c3 cc cc cc cc
0x00007ff9cce6b17e:   cc cc 48 83 ec 28 48 89 4c 24 30 48 89 54 24 38
0x00007ff9cce6b18e:   48 8b 54 24 38 48 8b 12 41 b8 02 00 00 00 e8 8f
0x00007ff9cce6b19e:   fb ff ff 48 83 c4 28 c3 cc cc cc cc cc cc 0f 1f
0x00007ff9cce6b1ae:   40 00 48 83 ec 28 48 89 4c 24 30 48 89 54 24 38
0x00007ff9cce6b1be:   4c 89 44 24 40 44 89 4c 24 48 45 8b c1 48 8b c1
0x00007ff9cce6b1ce:   e8 5d fb ff ff 48 8b 4c 24 40 ff d0 e8 81 fb ff
0x00007ff9cce6b1de:   ff 48 8b c8 48 8b 54 24 38 41 b8 02 00 00 00 e8
0x00007ff9cce6b1ee:   3e fb ff ff 48 83 c4 28 c3 cc cc cc cc cc cc cc
0x00007ff9cce6b1fe:   cc cc cc cc cc cc cc cc 66 66 0f 1f 84 00 00 00
0x00007ff9cce6b20e:   00 00 57 56 49 8b c3 48 8b f9 49 8b c8 49 8b f2
0x00007ff9cce6b21e:   f3 a4 5e 5f c3 cc cc cc cc cc cc 0f 1f 80 00 00
0x00007ff9cce6b22e:   00 00 4c 8b d9 4c 8b d2 49 83 f8 10 76 54 49 83
0x00007ff9cce6b23e:   f8 20 76 2e 48 2b d1 73 0d 4b 8d 04 10 48 3b c8
0x00007ff9cce6b24e:   0f 82 dc 02 00 00 49 81 f8 80 00 00 00 0f 86 0f
0x00007ff9cce6b25e:   02 00 00 f6 05 dc 7f 02 00 02 0f 84 52 01 00 00
0x00007ff9cce6b26e:   eb a0 0f 10 02 42 0f 10 4c 02 f0 0f 11 01 42 0f
0x00007ff9cce6b27e:   11 4c 01 f0 48 8b c1 c3 66 66 0f 1f 84 00 00 00
0x00007ff9cce6b28e:   00 00 48 8b c1 4c 8d 0d 66 4d fe ff 43 8b 8c 81
0x00007ff9cce6b29e:   50 90 04 00 49 03 c9 ff e1 66 0f 1f 84 00 00 00
0x00007ff9cce6b2ae:   00 00 c3 0f b7 0a 66 89 08 c3 48 8b 0a 48 89 08
0x00007ff9cce6b2be:   c3 0f b7 0a 44 0f b6 42 02 66 89 08 44 88 40 02
0x00007ff9cce6b2ce:   c3 0f b6 0a 88 08 c3 f3 0f 6f 02 f3 0f 7f 00 c3
0x00007ff9cce6b2de:   66 90 4c 8b 02 0f b7 4a 08 44 0f b6 4a 0a 4c 89
0x00007ff9cce6b2ee:   00 66 89 48 08 44 88 48 0a c3 8b 0a 89 08 c3 0f
0x00007ff9cce6b2fe:   1f 00 8b 0a 44 0f b6 42 04 89 08 44 88 40 04 c3
0x00007ff9cce6b30e:   66 90 8b 0a 44 0f b7 42 04 89 08 66 44 89 40 04 


Stack slot to memory mapping:
stack at sp + 0 slots: 0x0000000000000f00 is an unknown value
stack at sp + 1 slots: 0x000001bfebac1140 points into unknown readable memory: 0x0000000000000000 | 00 00 00 00 00 00 00 00
stack at sp + 2 slots: 0x00007ff9cce53d4e points into unknown readable memory: 49 03
stack at sp + 3 slots: 0x0 is NULL
stack at sp + 4 slots: 0x00000041491ff148 is pointing into the stack for thread: 0x000001bf6b199fa0
stack at sp + 5 slots: 0x000001bff1d23080 is an unknown value
stack at sp + 6 slots: 0x000001bff1d23000 is an unknown value
stack at sp + 7 slots: 0x000001bff1d23000 is an unknown value


---------------  P R O C E S S  ---------------

Threads class SMR info:
_java_thread_list=0x000001bfe8c0e520, length=49, elements={
0x000001bf7bdc9730, 0x000001bf7bdca500, 0x000001bf7bdd9f70, 0x000001bf7bddaa80,
0x000001bf7bddd3a0, 0x000001bf7bde1bd0, 0x000001bf7bde2da0, 0x000001bf7bded320,
0x000001bf7b96c4d0, 0x000001bf7d605a40, 0x000001bf7d605f60, 0x000001bf7d93c260,
0x000001bf7db08480, 0x000001bf7db089d0, 0x000001bf7db07f30, 0x000001bf7db079e0,
0x000001bf1fba45a0, 0x000001bf1fba4af0, 0x000001bf1fba4050, 0x000001bf1fba5040,
0x000001bf1fba35b0, 0x000001bf1fba7570, 0x000001bf1fba5590, 0x000001bf1fba5ae0,
0x000001bf1fba6ad0, 0x000001bf1fba9000, 0x000001bf1fba8560, 0x000001bf1fba7ac0,
0x000001bf1fba6030, 0x000001bf1fba6580, 0x000001bf1fba7020, 0x000001bf1fba8010,
0x000001bf1fba9550, 0x000001bf1fba9aa0, 0x000001bf1fba3b00, 0x000001bf1fba9ff0,
0x000001bf1fbaa540, 0x000001bf1fbaaa90, 0x000001bf1fba3060, 0x000001bf212437c0,
0x000001bf6b198510, 0x000001bf6b198a60, 0x000001bf6b19ef50, 0x000001bf6b19ba30,
0x000001bf6b199fa0, 0x000001bf6b19bf80, 0x000001bf6b19c4d0, 0x000001bf6b19e4b0,
0x000001bf6b19ca20
}

Java Threads: ( => current thread )
  0x000001bf7bdc9730 JavaThread "Reference Handler" daemon [_thread_blocked, id=15740, stack(0x0000004143700000,0x0000004143800000)]
  0x000001bf7bdca500 JavaThread "Finalizer" daemon [_thread_blocked, id=12048, stack(0x0000004143800000,0x0000004143900000)]
  0x000001bf7bdd9f70 JavaThread "Signal Dispatcher" daemon [_thread_blocked, id=13872, stack(0x0000004143900000,0x0000004143a00000)]
  0x000001bf7bddaa80 JavaThread "Attach Listener" daemon [_thread_blocked, id=13532, stack(0x0000004143a00000,0x0000004143b00000)]
  0x000001bf7bddd3a0 JavaThread "Service Thread" daemon [_thread_blocked, id=16500, stack(0x0000004143b00000,0x0000004143c00000)]
  0x000001bf7bde1bd0 JavaThread "Monitor Deflation Thread" daemon [_thread_blocked, id=17276, stack(0x0000004143c00000,0x0000004143d00000)]
  0x000001bf7bde2da0 JavaThread "C1 CompilerThread0" daemon [_thread_blocked, id=7116, stack(0x0000004143d00000,0x0000004143e00000)]
  0x000001bf7bded320 JavaThread "Sweeper thread" daemon [_thread_blocked, id=14856, stack(0x0000004143e00000,0x0000004143f00000)]
  0x000001bf7b96c4d0 JavaThread "Common-Cleaner" daemon [_thread_blocked, id=15392, stack(0x0000004143f00000,0x0000004144000000)]
  0x000001bf7d605a40 JavaThread "Monitor Ctrl-Break" daemon [_thread_in_native, id=17232, stack(0x0000004144000000,0x0000004144100000)]
  0x000001bf7d605f60 JavaThread "Notification Thread" daemon [_thread_blocked, id=17208, stack(0x0000004144100000,0x0000004144200000)]
  0x000001bf7d93c260 JavaThread "RMI TCP Accept-0" daemon [_thread_in_native, id=13112, stack(0x0000004144b00000,0x0000004144c00000)]
  0x000001bf7db08480 JavaThread "RMI TCP Connection(1)-49.127.70.112" daemon [_thread_in_native, id=9584, stack(0x0000004145000000,0x0000004145100000)]
  0x000001bf7db089d0 JavaThread "RMI Scheduler(0)" daemon [_thread_blocked, id=12968, stack(0x0000004144d00000,0x0000004144e00000)]
  0x000001bf7db07f30 JavaThread "Catalina-utility-1" [_thread_blocked, id=1488, stack(0x0000004145300000,0x0000004145400000)]
  0x000001bf7db079e0 JavaThread "Catalina-utility-2" [_thread_blocked, id=14152, stack(0x0000004145500000,0x0000004145600000)]
  0x000001bf1fba45a0 JavaThread "container-0" [_thread_blocked, id=15696, stack(0x0000004145600000,0x0000004145700000)]
  0x000001bf1fba4af0 JavaThread "File Watcher" daemon [_thread_blocked, id=7196, stack(0x0000004145700000,0x0000004145800000)]
  0x000001bf1fba4050 JavaThread "spring.cloud.inetutils" daemon [_thread_in_native, id=9920, stack(0x0000004145800000,0x0000004145900000)]
  0x000001bf1fba5040 JavaThread "ForkJoinPool.commonPool-worker-19" daemon [_thread_blocked, id=2216, stack(0x0000004145900000,0x0000004145a00000)]
  0x000001bf1fba35b0 JavaThread "ForkJoinPool.commonPool-worker-5" daemon [_thread_blocked, id=5692, stack(0x0000004145a00000,0x0000004145b00000)]
  0x000001bf1fba7570 JavaThread "AsyncResolver-bootstrap-0" daemon [_thread_blocked, id=17048, stack(0x0000004145b00000,0x0000004145c00000)]
  0x000001bf1fba5590 JavaThread "DiscoveryClient-0" daemon [_thread_blocked, id=12788, stack(0x0000004145c00000,0x0000004145d00000)]
  0x000001bf1fba5ae0 JavaThread "DiscoveryClient-1" daemon [_thread_blocked, id=2004, stack(0x0000004145d00000,0x0000004145e00000)]
  0x000001bf1fba6ad0 JavaThread "DiscoveryClient-InstanceInfoReplicator-0" daemon [_thread_blocked, id=16204, stack(0x0000004145e00000,0x0000004145f00000)]
  0x000001bf1fba9000 JavaThread "http-nio-7101-exec-1" daemon [_thread_blocked, id=11576, stack(0x0000004145f00000,0x0000004146000000)]
  0x000001bf1fba8560 JavaThread "http-nio-7101-exec-2" daemon [_thread_blocked, id=14820, stack(0x0000004146000000,0x0000004146100000)]
  0x000001bf1fba7ac0 JavaThread "http-nio-7101-exec-3" daemon [_thread_blocked, id=8424, stack(0x0000004146100000,0x0000004146200000)]
  0x000001bf1fba6030 JavaThread "http-nio-7101-exec-4" daemon [_thread_blocked, id=15768, stack(0x0000004146200000,0x0000004146300000)]
  0x000001bf1fba6580 JavaThread "http-nio-7101-exec-5" daemon [_thread_blocked, id=896, stack(0x0000004146300000,0x0000004146400000)]
  0x000001bf1fba7020 JavaThread "http-nio-7101-exec-6" daemon [_thread_blocked, id=15108, stack(0x0000004146400000,0x0000004146500000)]
  0x000001bf1fba8010 JavaThread "http-nio-7101-exec-7" daemon [_thread_blocked, id=16940, stack(0x0000004146500000,0x0000004146600000)]
  0x000001bf1fba9550 JavaThread "http-nio-7101-exec-8" daemon [_thread_blocked, id=15020, stack(0x0000004146600000,0x0000004146700000)]
  0x000001bf1fba9aa0 JavaThread "http-nio-7101-exec-9" daemon [_thread_blocked, id=2636, stack(0x0000004146700000,0x0000004146800000)]
  0x000001bf1fba3b00 JavaThread "http-nio-7101-exec-10" daemon [_thread_blocked, id=5996, stack(0x0000004146800000,0x0000004146900000)]
  0x000001bf1fba9ff0 JavaThread "http-nio-7101-Poller" daemon [_thread_in_native, id=11144, stack(0x0000004146900000,0x0000004146a00000)]
  0x000001bf1fbaa540 JavaThread "http-nio-7101-Acceptor" daemon [_thread_in_native, id=3992, stack(0x0000004146a00000,0x0000004146b00000)]
  0x000001bf1fbaaa90 JavaThread "DestroyJavaVM" [_thread_blocked, id=4412, stack(0x0000004143000000,0x0000004143100000)]
  0x000001bf1fba3060 JavaThread "RMI TCP Connection(2)-49.127.70.112" daemon [_thread_in_native, id=16436, stack(0x0000004144e00000,0x0000004144f00000)]
  0x000001bf212437c0 JavaThread "JavaCPP Deallocator" daemon [_thread_blocked, id=9604, stack(0x0000004144f00000,0x0000004145000000)]
  0x000001bf6b198510 JavaThread "Java2D Disposer" daemon [_thread_blocked, id=16484, stack(0x0000004145100000,0x0000004145200000)]
  0x000001bf6b198a60 JavaThread "AWT-Shutdown" [_thread_blocked, id=15616, stack(0x0000004148700000,0x0000004148800000)]
  0x000001bf6b19ef50 JavaThread "AWT-Windows" daemon [_thread_in_native, id=14844, stack(0x0000004148800000,0x0000004148900000)]
  0x000001bf6b19ba30 JavaThread "AWT-EventQueue-0" [_thread_blocked, id=15040, stack(0x0000004148900000,0x0000004148a00000)]
=>0x000001bf6b199fa0 JavaThread "pool-10-thread-1" [_thread_in_native, id=1600, stack(0x0000004149100000,0x0000004149200000)]
  0x000001bf6b19bf80 JavaThread "do-something-1" [_thread_in_Java, id=17228, stack(0x0000004149200000,0x0000004149300000)]
  0x000001bf6b19c4d0 JavaThread "pool-11-thread-1" [_thread_in_native, id=11276, stack(0x0000004149400000,0x0000004149500000)]
  0x000001bf6b19e4b0 JavaThread "Java Sound Event Dispatcher" daemon [_thread_blocked, id=16416, stack(0x0000004149500000,0x0000004149600000)]
  0x000001bf6b19ca20 JavaThread "pool-12-thread-1" [_thread_blocked, id=14384, stack(0x0000004146c00000,0x0000004146d00000)]

Other Threads:
  0x000001bf7bdc5fd0 VMThread "VM Thread" [stack: 0x0000004143600000,0x0000004143700000] [id=17236]
  0x000001bf7d925b40 WatcherThread [stack: 0x0000004144c00000,0x0000004144d00000] [id=11228]
  0x000001bf6e54fd40 GCTaskThread "GC Thread#0" [stack: 0x0000004143100000,0x0000004143200000] [id=9368]
  0x000001bf7d6a8430 GCTaskThread "GC Thread#1" [stack: 0x0000004144200000,0x0000004144300000] [id=3012]
  0x000001bf7d6b2300 GCTaskThread "GC Thread#2" [stack: 0x0000004144300000,0x0000004144400000] [id=15404]
  0x000001bf7d6b2610 GCTaskThread "GC Thread#3" [stack: 0x0000004144400000,0x0000004144500000] [id=12636]
  0x000001bf7d6b2920 GCTaskThread "GC Thread#4" [stack: 0x0000004144500000,0x0000004144600000] [id=12076]
  0x000001bf7d6b2c30 GCTaskThread "GC Thread#5" [stack: 0x0000004144600000,0x0000004144700000] [id=7760]
  0x000001bf7d6b2f40 GCTaskThread "GC Thread#6" [stack: 0x0000004144700000,0x0000004144800000] [id=9692]
  0x000001bf7d6b3250 GCTaskThread "GC Thread#7" [stack: 0x0000004144800000,0x0000004144900000] [id=4000]
  0x000001bf7d6b39e0 GCTaskThread "GC Thread#8" [stack: 0x0000004144900000,0x0000004144a00000] [id=15880]
  0x000001bf7d6b6470 GCTaskThread "GC Thread#9" [stack: 0x0000004144a00000,0x0000004144b00000] [id=15680]
  0x000001bf6e5632c0 ConcurrentGCThread "G1 Main Marker" [stack: 0x0000004143200000,0x0000004143300000] [id=4472]
  0x000001bf6e5643e0 ConcurrentGCThread "G1 Conc#0" [stack: 0x0000004143300000,0x0000004143400000] [id=15564]
  0x000001bf7e0afc40 ConcurrentGCThread "G1 Conc#1" [stack: 0x0000004145400000,0x0000004145500000] [id=7444]
  0x000001bf7e0b31c0 ConcurrentGCThread "G1 Conc#2" [stack: 0x0000004145200000,0x0000004145300000] [id=4660]
  0x000001bf7b834090 ConcurrentGCThread "G1 Refine#0" [stack: 0x0000004143400000,0x0000004143500000] [id=8616]
  0x000001bf7b834a20 ConcurrentGCThread "G1 Service" [stack: 0x0000004143500000,0x0000004143600000] [id=16036]

Threads with active compile tasks:

VM state: not at safepoint (normal execution)

VM Mutex/Monitor currently owned by a thread: None

Heap address: 0x0000000604000000, size: 8128 MB, Compressed Oops mode: Zero based, Oop shift amount: 3

CDS archive(s) mapped at: [0x0000000800000000-0x0000000800bb0000-0x0000000800bb0000), size 12255232, SharedBaseAddress: 0x0000000800000000, ArchiveRelocationMode: 0.
Compressed class space mapped at: 0x0000000800c00000-0x0000000840c00000, reserved size: 1073741824
Narrow klass base: 0x0000000800000000, Narrow klass shift: 3, Narrow klass range: 0x100000000

GC Precious Log:
 CPUs: 12 total, 12 available
 Memory: 32509M
 Large Page Support: Disabled
 NUMA Support: Disabled
 Compressed Oops: Enabled (Zero based)
 Heap Region Size: 4M
 Heap Min Capacity: 8M
 Heap Initial Capacity: 508M
 Heap Max Capacity: 8128M
 Pre-touch: Disabled
 Parallel Workers: 10
 Concurrent Workers: 3
 Concurrent Refinement Workers: 10
 Periodic GC: Disabled

Heap:
 garbage-first heap   total 122880K, used 57955K [0x0000000604000000, 0x0000000800000000)
  region size 4096K, 2 young (8192K), 1 survivors (4096K)
 Metaspace       used 61259K, committed 61760K, reserved 1105920K
  class space    used 7526K, committed 7744K, reserved 1048576K

Heap Regions: E=young(eden), S=young(survivor), O=old, HS=humongous(starts), HC=humongous(continues), CS=collection set, F=free, OA=open archive, CA=closed archive, TAMS=top-at-mark-start (previous, next)
|   0|0x0000000604000000, 0x0000000604400000, 0x0000000604400000|100%| O|  |TAMS 0x0000000604400000, 0x0000000604000000| Untracked 
|   1|0x0000000604400000, 0x0000000604800000, 0x0000000604800000|100%| O|  |TAMS 0x0000000604800000, 0x0000000604400000| Untracked 
|   2|0x0000000604800000, 0x000000060498fe00, 0x0000000604c00000| 39%| O|  |TAMS 0x000000060498fe00, 0x0000000604800000| Untracked 
|   3|0x0000000604c00000, 0x0000000605000000, 0x0000000605000000|100%| O|  |TAMS 0x0000000605000000, 0x0000000604c00000| Untracked 
|   4|0x0000000605000000, 0x00000006051e7800, 0x0000000605400000| 47%| O|  |TAMS 0x00000006051e7800, 0x0000000605000000| Untracked 
|   5|0x0000000605400000, 0x0000000605800000, 0x0000000605800000|100%| O|  |TAMS 0x0000000605800000, 0x0000000605400000| Untracked 
|   6|0x0000000605800000, 0x0000000605c00000, 0x0000000605c00000|100%| O|  |TAMS 0x0000000605c00000, 0x0000000605800000| Untracked 
|   7|0x0000000605c00000, 0x0000000606000000, 0x0000000606000000|100%| O|  |TAMS 0x0000000606000000, 0x0000000605c00000| Untracked 
|   8|0x0000000606000000, 0x000000060639e600, 0x0000000606400000| 90%| O|  |TAMS 0x000000060639a400, 0x0000000606000000| Untracked 
|   9|0x0000000606400000, 0x0000000606800000, 0x0000000606800000|100%|HS|  |TAMS 0x0000000606800000, 0x0000000606400000| Complete 
|  10|0x0000000606800000, 0x0000000606c00000, 0x0000000606c00000|100%|HS|  |TAMS 0x0000000606c00000, 0x0000000606800000| Complete 
|  11|0x0000000606c00000, 0x0000000607000000, 0x0000000607000000|100%|HS|  |TAMS 0x0000000607000000, 0x0000000606c00000| Complete 
|  12|0x0000000607000000, 0x0000000607400000, 0x0000000607400000|100%|HS|  |TAMS 0x0000000607400000, 0x0000000607000000| Complete 
|  13|0x0000000607400000, 0x0000000607800000, 0x0000000607800000|100%|HS|  |TAMS 0x0000000607400000, 0x0000000607400000| Complete 
|  14|0x0000000607800000, 0x0000000607800000, 0x0000000607c00000|  0%| F|  |TAMS 0x0000000607800000, 0x0000000607800000| Untracked 
|  15|0x0000000607c00000, 0x0000000607c00000, 0x0000000608000000|  0%| F|  |TAMS 0x0000000607c00000, 0x0000000607c00000| Untracked 
|  16|0x0000000608000000, 0x0000000608000000, 0x0000000608400000|  0%| F|  |TAMS 0x0000000608000000, 0x0000000608000000| Untracked 
|  17|0x0000000608400000, 0x0000000608400000, 0x0000000608800000|  0%| F|  |TAMS 0x0000000608400000, 0x0000000608400000| Untracked 
|  18|0x0000000608800000, 0x0000000608800000, 0x0000000608c00000|  0%| F|  |TAMS 0x0000000608800000, 0x0000000608800000| Untracked 
|  19|0x0000000608c00000, 0x0000000608c00000, 0x0000000609000000|  0%| F|  |TAMS 0x0000000608c00000, 0x0000000608c00000| Untracked 
|  20|0x0000000609000000, 0x0000000609000000, 0x0000000609400000|  0%| F|  |TAMS 0x0000000609000000, 0x0000000609000000| Untracked 
|  21|0x0000000609400000, 0x0000000609400000, 0x0000000609800000|  0%| F|  |TAMS 0x0000000609400000, 0x0000000609400000| Untracked 
|  22|0x0000000609800000, 0x0000000609800000, 0x0000000609c00000|  0%| F|  |TAMS 0x0000000609800000, 0x0000000609800000| Untracked 
|  23|0x0000000609c00000, 0x0000000609c00000, 0x000000060a000000|  0%| F|  |TAMS 0x0000000609c00000, 0x0000000609c00000| Untracked 
|  24|0x000000060a000000, 0x000000060a000000, 0x000000060a400000|  0%| F|  |TAMS 0x000000060a000000, 0x000000060a000000| Untracked 
|  33|0x000000060c400000, 0x000000060c400000, 0x000000060c800000|  0%| F|  |TAMS 0x000000060c400000, 0x000000060c400000| Untracked 
|  34|0x000000060c800000, 0x000000060c800000, 0x000000060cc00000|  0%| F|  |TAMS 0x000000060c800000, 0x000000060c800000| Untracked 
|  35|0x000000060cc00000, 0x000000060cd83258, 0x000000060d000000| 37%| S|CS|TAMS 0x000000060cc00000, 0x000000060cc00000| Complete 
| 126|0x0000000623800000, 0x0000000623896338, 0x0000000623c00000| 14%| E|  |TAMS 0x0000000623800000, 0x0000000623800000| Complete 
|2031|0x00000007ffc00000, 0x0000000800000000, 0x0000000800000000|100%| O|  |TAMS 0x0000000800000000, 0x00000007ffc00000| Untracked 

Card table byte_map: [0x000001bf77150000,0x000001bf78130000] _byte_map_base: 0x000001bf74130000

Marking Bits (Prev, Next): (CMBitMap*) 0x000001bf6e5522e0, (CMBitMap*) 0x000001bf6e552320
 Prev Bits: [0x000001bf0f000000, 0x000001bf16f00000)
 Next Bits: [0x000001bf16f00000, 0x000001bf1ee00000)

Polling page: 0x000001bf6dbb0000

Metaspace:

Usage:
  Non-class:     52.47 MB used.
      Class:      7.35 MB used.
       Both:     59.82 MB used.

Virtual space:
  Non-class space:       56.00 MB reserved,      52.75 MB ( 94%) committed,  7 nodes.
      Class space:        1.00 GB reserved,       7.56 MB ( <1%) committed,  1 nodes.
              Both:        1.05 GB reserved,      60.31 MB (  6%) committed. 

Chunk freelists:
   Non-Class:  2.70 MB
       Class:  480.00 KB
        Both:  3.17 MB

MaxMetaspaceSize: 17179869184.00 GB
CompressedClassSpaceSize: 1.00 GB
 - commit_granule_bytes: 65536.
 - commit_granule_words: 8192.
 - virtual_space_node_default_size: 1048576.
 - enlarge_chunks_in_place: 1.
 - new_chunks_are_fully_committed: 0.
 - uncommit_free_chunks: 1.
 - use_allocation_guard: 0.
 - handle_deallocations: 1.


Internal statistics:

num_allocs_failed_limit: 12.
num_arena_births: 618.
num_arena_deaths: 0.
num_vsnodes_births: 8.
num_vsnodes_deaths: 0.
num_space_committed: 963.
num_space_uncommitted: 0.
num_chunks_returned_to_freelist: 12.
num_chunks_taken_from_freelist: 2558.
num_chunk_merges: 6.
num_chunk_splits: 1788.
num_chunks_enlarged: 1347.
num_purges: 0.

CodeHeap 'non-profiled nmethods': size=238336Kb used=9850Kb max_used=9850Kb free=228485Kb
 bounds [0x000001bf00740000, 0x000001bf010e0000, 0x000001bf0f000000]
CodeHeap 'non-nmethods': size=7424Kb used=1824Kb max_used=1824Kb free=5599Kb
 bounds [0x000001bf00000000, 0x000001bf00270000, 0x000001bf00740000]
 total_blobs=6998 nmethods=5739 adapters=1186
 compilation: enabled
              stopped_count=0, restarted_count=0
 full_count=0

Compilation events (20 events):
Event: 26.233 Thread 0x000001bf7bde2da0 5724       1       java.lang.NamedPackage::packageName (5 bytes)
Event: 26.233 Thread 0x000001bf7bde2da0 nmethod 5724 0x000001bf010d7110 code [0x000001bf010d72a0, 0x000001bf010d7378]
Event: 26.233 Thread 0x000001bf7bde2da0 5725       1       org.apache.tomcat.util.buf.MessageBytes::equalsIgnoreCase (78 bytes)
Event: 26.233 Thread 0x000001bf7bde2da0 nmethod 5725 0x000001bf010d7410 code [0x000001bf010d75e0, 0x000001bf010d7808]
Event: 26.234 Thread 0x000001bf7bde2da0 5726       1       java.nio.Buffer::nextPutIndex (30 bytes)
Event: 26.234 Thread 0x000001bf7bde2da0 nmethod 5726 0x000001bf010d7910 code [0x000001bf010d7ac0, 0x000001bf010d7be8]
Event: 26.234 Thread 0x000001bf7bde2da0 5727       1       java.nio.HeapByteBuffer::put (16 bytes)
Event: 26.234 Thread 0x000001bf7bde2da0 nmethod 5727 0x000001bf010d7c90 code [0x000001bf010d7e40, 0x000001bf010d7fc8]
Event: 26.236 Thread 0x000001bf7bde2da0 5728       1       jdk.internal.misc.Unsafe::getAndAddLong (27 bytes)
Event: 26.236 Thread 0x000001bf7bde2da0 nmethod 5728 0x000001bf010d8110 code [0x000001bf010d82a0, 0x000001bf010d83b8]
Event: 26.238 Thread 0x000001bf7bde2da0 5729       1       java.lang.Thread::isInterrupted (5 bytes)
Event: 26.239 Thread 0x000001bf7bde2da0 nmethod 5729 0x000001bf010d8490 code [0x000001bf010d8620, 0x000001bf010d86f8]
Event: 26.393 Thread 0x000001bf7bde2da0 5730       1       org.bytedeco.javacpp.ClassProperties::getProperty (7 bytes)
Event: 26.394 Thread 0x000001bf7bde2da0 nmethod 5730 0x000001bf010d8790 code [0x000001bf010d8980, 0x000001bf010d8d48]
Event: 26.445 Thread 0x000001bf7bde2da0 5731   !   1       java.nio.DirectByteBuffer::get (34 bytes)
Event: 26.445 Thread 0x000001bf7bde2da0 nmethod 5731 0x000001bf010d8f90 code [0x000001bf010d9180, 0x000001bf010d9488]
Event: 26.448 Thread 0x000001bf7bde2da0 5732 %     1       org.bytedeco.javacv.Java2DFrameConverter::flipCopyWithGamma @ 501 (635 bytes)
Event: 26.449 Thread 0x000001bf7bde2da0 nmethod 5732% 0x000001bf010d9790 code [0x000001bf010d9b00, 0x000001bf010daad8]
Event: 26.449 Thread 0x000001bf7bde2da0 5733       1       org.bytedeco.javacv.Java2DFrameConverter::flipCopyWithGamma (635 bytes)
Event: 26.450 Thread 0x000001bf7bde2da0 nmethod 5733 0x000001bf010db410 code [0x000001bf010db760, 0x000001bf010dc198]

GC Heap History (20 events):
Event: 23.091 GC heap before
{Heap before GC invocations=23 (full 0):
 garbage-first heap   total 122880K, used 97366K [0x0000000604000000, 0x0000000800000000)
  region size 4096K, 16 young (65536K), 1 survivors (4096K)
 Metaspace       used 52607K, committed 53056K, reserved 1097728K
  class space    used 6441K, committed 6656K, reserved 1048576K
}
Event: 23.093 GC heap after
{Heap after GC invocations=24 (full 0):
 garbage-first heap   total 122880K, used 35951K [0x0000000604000000, 0x0000000800000000)
  region size 4096K, 1 young (4096K), 1 survivors (4096K)
 Metaspace       used 52607K, committed 53056K, reserved 1097728K
  class space    used 6441K, committed 6656K, reserved 1048576K
}
Event: 23.240 GC heap before
{Heap before GC invocations=24 (full 0):
 garbage-first heap   total 122880K, used 97391K [0x0000000604000000, 0x0000000800000000)
  region size 4096K, 16 young (65536K), 1 survivors (4096K)
 Metaspace       used 52607K, committed 53056K, reserved 1097728K
  class space    used 6441K, committed 6656K, reserved 1048576K
}
Event: 23.242 GC heap after
{Heap after GC invocations=25 (full 0):
 garbage-first heap   total 122880K, used 35949K [0x0000000604000000, 0x0000000800000000)
  region size 4096K, 1 young (4096K), 1 survivors (4096K)
 Metaspace       used 52607K, committed 53056K, reserved 1097728K
  class space    used 6441K, committed 6656K, reserved 1048576K
}
Event: 23.425 GC heap before
{Heap before GC invocations=25 (full 0):
 garbage-first heap   total 122880K, used 97389K [0x0000000604000000, 0x0000000800000000)
  region size 4096K, 16 young (65536K), 1 survivors (4096K)
 Metaspace       used 52607K, committed 53056K, reserved 1097728K
  class space    used 6441K, committed 6656K, reserved 1048576K
}
Event: 23.426 GC heap after
{Heap after GC invocations=26 (full 0):
 garbage-first heap   total 122880K, used 35922K [0x0000000604000000, 0x0000000800000000)
  region size 4096K, 1 young (4096K), 1 survivors (4096K)
 Metaspace       used 52607K, committed 53056K, reserved 1097728K
  class space    used 6441K, committed 6656K, reserved 1048576K
}
Event: 23.573 GC heap before
{Heap before GC invocations=26 (full 0):
 garbage-first heap   total 122880K, used 97362K [0x0000000604000000, 0x0000000800000000)
  region size 4096K, 16 young (65536K), 1 survivors (4096K)
 Metaspace       used 52607K, committed 53056K, reserved 1097728K
  class space    used 6441K, committed 6656K, reserved 1048576K
}
Event: 23.575 GC heap after
{Heap after GC invocations=27 (full 0):
 garbage-first heap   total 122880K, used 35948K [0x0000000604000000, 0x0000000800000000)
  region size 4096K, 1 young (4096K), 1 survivors (4096K)
 Metaspace       used 52607K, committed 53056K, reserved 1097728K
  class space    used 6441K, committed 6656K, reserved 1048576K
}
Event: 23.733 GC heap before
{Heap before GC invocations=27 (full 0):
 garbage-first heap   total 122880K, used 97388K [0x0000000604000000, 0x0000000800000000)
  region size 4096K, 16 young (65536K), 1 survivors (4096K)
 Metaspace       used 52607K, committed 53056K, reserved 1097728K
  class space    used 6441K, committed 6656K, reserved 1048576K
}
Event: 23.734 GC heap after
{Heap after GC invocations=28 (full 0):
 garbage-first heap   total 122880K, used 35954K [0x0000000604000000, 0x0000000800000000)
  region size 4096K, 1 young (4096K), 1 survivors (4096K)
 Metaspace       used 52607K, committed 53056K, reserved 1097728K
  class space    used 6441K, committed 6656K, reserved 1048576K
}
Event: 24.159 GC heap before
{Heap before GC invocations=28 (full 0):
 garbage-first heap   total 122880K, used 97394K [0x0000000604000000, 0x0000000800000000)
  region size 4096K, 16 young (65536K), 1 survivors (4096K)
 Metaspace       used 53997K, committed 54528K, reserved 1097728K
  class space    used 6655K, committed 6912K, reserved 1048576K
}
Event: 24.161 GC heap after
{Heap after GC invocations=29 (full 0):
 garbage-first heap   total 122880K, used 36186K [0x0000000604000000, 0x0000000800000000)
  region size 4096K, 1 young (4096K), 1 survivors (4096K)
 Metaspace       used 53997K, committed 54528K, reserved 1097728K
  class space    used 6655K, committed 6912K, reserved 1048576K
}
Event: 24.678 GC heap before
{Heap before GC invocations=29 (full 0):
 garbage-first heap   total 122880K, used 97626K [0x0000000604000000, 0x0000000800000000)
  region size 4096K, 16 young (65536K), 1 survivors (4096K)
 Metaspace       used 54924K, committed 55424K, reserved 1097728K
  class space    used 6751K, committed 6976K, reserved 1048576K
}
Event: 24.679 GC heap after
{Heap after GC invocations=30 (full 0):
 garbage-first heap   total 122880K, used 36326K [0x0000000604000000, 0x0000000800000000)
  region size 4096K, 1 young (4096K), 1 survivors (4096K)
 Metaspace       used 54924K, committed 55424K, reserved 1097728K
  class space    used 6751K, committed 6976K, reserved 1048576K
}
Event: 25.171 GC heap before
{Heap before GC invocations=30 (full 0):
 garbage-first heap   total 122880K, used 97766K [0x0000000604000000, 0x0000000800000000)
  region size 4096K, 16 young (65536K), 1 survivors (4096K)
 Metaspace       used 55726K, committed 56192K, reserved 1105920K
  class space    used 6891K, committed 7104K, reserved 1048576K
}
Event: 25.173 GC heap after
{Heap after GC invocations=31 (full 0):
 garbage-first heap   total 122880K, used 36584K [0x0000000604000000, 0x0000000800000000)
  region size 4096K, 1 young (4096K), 1 survivors (4096K)
 Metaspace       used 55726K, committed 56192K, reserved 1105920K
  class space    used 6891K, committed 7104K, reserved 1048576K
}
Event: 25.449 GC heap before
{Heap before GC invocations=31 (full 0):
 garbage-first heap   total 122880K, used 52968K [0x0000000604000000, 0x0000000800000000)
  region size 4096K, 6 young (24576K), 1 survivors (4096K)
 Metaspace       used 59080K, committed 59520K, reserved 1105920K
  class space    used 7283K, committed 7488K, reserved 1048576K
}
Event: 25.450 GC heap after
{Heap after GC invocations=32 (full 0):
 garbage-first heap   total 122880K, used 37148K [0x0000000604000000, 0x0000000800000000)
  region size 4096K, 1 young (4096K), 1 survivors (4096K)
 Metaspace       used 59080K, committed 59520K, reserved 1105920K
  class space    used 7283K, committed 7488K, reserved 1048576K
}
Event: 26.440 GC heap before
{Heap before GC invocations=33 (full 0):
 garbage-first heap   total 122880K, used 65820K [0x0000000604000000, 0x0000000800000000)
  region size 4096K, 6 young (24576K), 1 survivors (4096K)
 Metaspace       used 61145K, committed 61632K, reserved 1105920K
  class space    used 7519K, committed 7744K, reserved 1048576K
}
Event: 26.443 GC heap after
{Heap after GC invocations=34 (full 0):
 garbage-first heap   total 122880K, used 49749K [0x0000000604000000, 0x0000000800000000)
  region size 4096K, 1 young (4096K), 1 survivors (4096K)
 Metaspace       used 61145K, committed 61632K, reserved 1105920K
  class space    used 7519K, committed 7744K, reserved 1048576K
}

Deoptimization events (2 events):
Event: 4.476 Thread 0x000001bf7daf8ea0 DEOPT PACKING pc=0x000001bf00aa90aa sp=0x0000004144ffd450
Event: 4.476 Thread 0x000001bf7daf8ea0 DEOPT UNPACKING pc=0x000001bf0004dece sp=0x0000004144ffc958 mode 3

Classes unloaded (0 events):
No events

Classes redefined (0 events):
No events

Internal exceptions (20 events):
Event: 20.912 Thread 0x000001bf1fba9000 Exception <a 'java/lang/UnsatisfiedLinkError'{0x0000000608a04ec0}> (0x0000000608a04ec0) 
thrown [t:\workspace\open\src\hotspot\share\oops\instanceKlass.cpp, line 1197]
Event: 20.912 Thread 0x000001bf1fba9000 Exception <a 'java/lang/reflect/InvocationTargetException'{0x0000000608a06b78}> (0x0000000608a06b78) 
thrown [t:\workspace\open\src\hotspot\share\runtime\reflection.cpp, line 1157]
Event: 21.129 Thread 0x000001bf1fba9000 Exception <a 'java/lang/UnsatisfiedLinkError'{0x000000060c9391c8}> (0x000000060c9391c8) 
thrown [t:\workspace\open\src\hotspot\share\prims\jvm.cpp, line 3639]
Event: 21.129 Thread 0x000001bf1fba9000 Exception <a 'java/lang/UnsatisfiedLinkError'{0x000000060c9391c8}> (0x000000060c9391c8) 
thrown [t:\workspace\open\src\hotspot\share\prims\jni.cpp, line 579]
Event: 21.143 Thread 0x000001bf1fba9000 Exception <a 'java/lang/UnsatisfiedLinkError'{0x000000060c52ea18}> (0x000000060c52ea18) 
thrown [t:\workspace\open\src\hotspot\share\prims\jvm.cpp, line 3639]
Event: 21.143 Thread 0x000001bf1fba9000 Exception <a 'java/lang/UnsatisfiedLinkError'{0x000000060c52ea18}> (0x000000060c52ea18) 
thrown [t:\workspace\open\src\hotspot\share\prims\jni.cpp, line 579]
Event: 21.155 Thread 0x000001bf1fba9000 Exception <a 'java/lang/UnsatisfiedLinkError'{0x000000060a040478}> (0x000000060a040478) 
thrown [t:\workspace\open\src\hotspot\share\prims\jvm.cpp, line 3639]
Event: 21.155 Thread 0x000001bf1fba9000 Exception <a 'java/lang/UnsatisfiedLinkError'{0x000000060a040478}> (0x000000060a040478) 
thrown [t:\workspace\open\src\hotspot\share\prims\jni.cpp, line 579]
Event: 21.156 Thread 0x000001bf1fba9000 Exception <a 'java/lang/UnsatisfiedLinkError'{0x000000060a044cd0}> (0x000000060a044cd0) 
thrown [t:\workspace\open\src\hotspot\share\oops\instanceKlass.cpp, line 1197]
Event: 21.156 Thread 0x000001bf1fba9000 Exception <a 'java/lang/reflect/InvocationTargetException'{0x000000060a046918}> (0x000000060a046918) 
thrown [t:\workspace\open\src\hotspot\share\runtime\reflection.cpp, line 1157]
Event: 24.106 Thread 0x000001bf1fba9000 Exception <a 'java/lang/UnsatisfiedLinkError'{0x0000000607c85e68}: 'int cl.eye.CLCamera.CLEyeGetCameraCount()'> (0x0000000607c85e68) 
thrown [t:\workspace\open\src\hotspot\share\prims\nativeLookup.cpp, line 541]
Event: 24.106 Thread 0x000001bf1fba9000 Exception <a 'java/lang/reflect/InvocationTargetException'{0x0000000607c86688}> (0x0000000607c86688) 
thrown [t:\workspace\open\src\hotspot\share\runtime\reflection.cpp, line 1157]
Event: 25.375 Thread 0x000001bf1fba9000 Exception <a 'java/lang/ClassNotFoundException'{0x000000060c767c10}: sun/awt/resources/spi/awtProvider> (0x000000060c767c10) 
thrown [t:\workspace\open\src\hotspot\share\classfile\systemDictionary.cpp, line 256]
Event: 25.379 Thread 0x000001bf1fba9000 Exception <a 'java/io/FileNotFoundException'{0x000000060c7723f8}> (0x000000060c7723f8) 
thrown [t:\workspace\open\src\hotspot\share\prims\jni.cpp, line 579]
Event: 25.379 Thread 0x000001bf1fba9000 Exception <a 'java/io/FileNotFoundException'{0x000000060c773e70}> (0x000000060c773e70) 
thrown [t:\workspace\open\src\hotspot\share\prims\jni.cpp, line 579]
Event: 25.427 Thread 0x000001bf1fba9000 Exception <a 'java/lang/NoSuchMethodError'{0x000000060a067990}: 'java.lang.Object java.lang.invoke.DirectMethodHandle$Holder.invokeStatic(java.lang.Object, int, java.lang.Object, java.lang.Object, java.lang.Object, java.lang.Object)'> (0x000000060a067990) 
thrown [t:\workspace\open\src\hotspot\share\interpreter\linkResolver.cpp, line 790]
Event: 25.427 Thread 0x000001bf1fba9000 Exception <a 'java/lang/NoSuchMethodError'{0x000000060a06f9c0}: 'java.lang.Object java.lang.invoke.DirectMethodHandle$Holder.newInvokeSpecial(java.lang.Object, int, java.lang.Object, java.lang.Object, java.lang.Object)'> (0x000000060a06f9c0) 
thrown [t:\workspace\open\src\hotspot\share\interpreter\linkResolver.cpp, line 790]
Event: 25.428 Thread 0x000001bf1fba9000 Exception <a 'java/lang/NoSuchMethodError'{0x000000060a08e258}: 'java.lang.Object java.lang.invoke.DirectMethodHandle$Holder.invokeStatic(java.lang.Object, int, java.lang.Object)'> (0x000000060a08e258) 
thrown [t:\workspace\open\src\hotspot\share\interpreter\linkResolver.cpp, line 790]
Event: 25.434 Thread 0x000001bf1fba9000 Exception <a 'java/lang/ClassNotFoundException'{0x000000060a1446d0}: com/sun/swing/internal/plaf/metal/resources/spi/metalProvider> (0x000000060a1446d0) 
thrown [t:\workspace\open\src\hotspot\share\classfile\systemDictionary.cpp, line 256]
Event: 25.435 Thread 0x000001bf1fba9000 Exception <a 'java/lang/ClassNotFoundException'{0x000000060a148d10}: com/sun/swing/internal/plaf/basic/resources/spi/basicProvider> (0x000000060a148d10) 
thrown [t:\workspace\open\src\hotspot\share\classfile\systemDictionary.cpp, line 256]

Events (20 events):
Event: 26.230 loading class com/sun/media/sound/EventDispatcher done
Event: 26.230 Thread 0x000001bf6b19e4b0 Thread added: 0x000001bf6b19e4b0
Event: 26.440 loading class java/awt/image/ComponentColorModel
Event: 26.440 loading class java/awt/image/ComponentColorModel done
Event: 26.440 loading class java/awt/image/DataBufferByte
Event: 26.440 loading class java/awt/image/DataBufferByte done
Event: 26.440 Executing  VM operation: G1TryInitiateConcMark
Event: 26.443 Executing  VM operation: G1TryInitiateConcMark done
Event: 26.443 loading class java/awt/image/PixelInterleavedSampleModel
Event: 26.443 loading class java/awt/image/ComponentSampleModel
Event: 26.443 loading class java/awt/image/ComponentSampleModel done
Event: 26.443 loading class java/awt/image/PixelInterleavedSampleModel done
Event: 26.443 loading class sun/awt/image/ByteInterleavedRaster
Event: 26.444 loading class sun/awt/image/ByteComponentRaster
Event: 26.444 loading class sun/awt/image/ByteComponentRaster done
Event: 26.444 loading class sun/awt/image/ByteInterleavedRaster done
Event: 26.471 loading class java/awt/image/MultiResolutionImage
Event: 26.471 loading class java/awt/image/MultiResolutionImage done
Event: 26.471 loading class sun/awt/image/BufImgSurfaceManager
Event: 26.471 loading class sun/awt/image/BufImgSurfaceManager done


Dynamic libraries:
0x00007ff7260d0000 - 0x00007ff7260e0000 	C:\Program Files\Java\jdk-16.0.1\bin\java.exe
0x00007ffa13930000 - 0x00007ffa13b25000 	C:\Windows\SYSTEM32\ntdll.dll
0x00007ffa11f80000 - 0x00007ffa1203d000 	C:\Windows\System32\KERNEL32.DLL
0x00007ffa11550000 - 0x00007ffa1181d000 	C:\Windows\System32\KERNELBASE.dll
0x00007ffa11180000 - 0x00007ffa11280000 	C:\Windows\System32\ucrtbase.dll
0x00007ff9fd850000 - 0x00007ff9fd869000 	C:\Program Files\Java\jdk-16.0.1\bin\VCRUNTIME140.dll
0x00007ff9fa470000 - 0x00007ff9fa488000 	C:\Program Files\Java\jdk-16.0.1\bin\jli.dll
0x00007ffa11aa0000 - 0x00007ffa11b4e000 	C:\Windows\System32\ADVAPI32.dll
0x00007ffa13230000 - 0x00007ffa132ce000 	C:\Windows\System32\msvcrt.dll
0x00007ffa124d0000 - 0x00007ffa1256c000 	C:\Windows\System32\sechost.dll
0x00007ffa137c0000 - 0x00007ffa138e5000 	C:\Windows\System32\RPCRT4.dll
0x00007ffa11de0000 - 0x00007ffa11f80000 	C:\Windows\System32\USER32.dll
0x00007ffa11040000 - 0x00007ffa11062000 	C:\Windows\System32\win32u.dll
0x00007ff9ebbc0000 - 0x00007ff9ebe5a000 	C:\Windows\WinSxS\amd64_microsoft.windows.common-controls_6595b64144ccf1df_6.0.19041.1110_none_60b5254171f9507e\COMCTL32.dll
0x00007ffa12410000 - 0x00007ffa1243a000 	C:\Windows\System32\GDI32.dll
0x00007ffa11870000 - 0x00007ffa1197b000 	C:\Windows\System32\gdi32full.dll
0x00007ffa110e0000 - 0x00007ffa1117d000 	C:\Windows\System32\msvcp_win.dll
0x00007ffa03780000 - 0x00007ffa0378a000 	C:\Windows\SYSTEM32\VERSION.dll
0x00007ffa12570000 - 0x00007ffa125a0000 	C:\Windows\System32\IMM32.DLL
0x000001bf6dbd0000 - 0x000001bf6dbe4000 	C:\Windows\System32\umppc15103.dll
0x00007ff9fdde0000 - 0x00007ff9fddec000 	C:\Program Files\Java\jdk-16.0.1\bin\vcruntime140_1.dll
0x00007ff9c6e30000 - 0x00007ff9c6ec1000 	C:\Program Files\Java\jdk-16.0.1\bin\msvcp140.dll
0x00007ff99c850000 - 0x00007ff99d3fb000 	C:\Program Files\Java\jdk-16.0.1\bin\server\jvm.dll
0x00007ffa11d50000 - 0x00007ffa11d58000 	C:\Windows\System32\PSAPI.DLL
0x00007ff9fccd0000 - 0x00007ff9fccd9000 	C:\Windows\SYSTEM32\WSOCK32.dll
0x00007ffa12250000 - 0x00007ffa122bb000 	C:\Windows\System32\WS2_32.dll
0x00007ffa0ada0000 - 0x00007ffa0adc7000 	C:\Windows\SYSTEM32\WINMM.dll
0x00007ffa0f890000 - 0x00007ffa0f8a2000 	C:\Windows\SYSTEM32\kernel.appcore.dll
0x00007ff9fd4a0000 - 0x00007ff9fd4aa000 	C:\Program Files\Java\jdk-16.0.1\bin\jimage.dll
0x00007ffa0f640000 - 0x00007ffa0f824000 	C:\Windows\SYSTEM32\DBGHELP.DLL
0x00007ffa0ad70000 - 0x00007ffa0ad9c000 	C:\Windows\SYSTEM32\dbgcore.DLL
0x00007ffa113e0000 - 0x00007ffa11462000 	C:\Windows\System32\bcryptPrimitives.dll
0x00007ff9fdfb0000 - 0x00007ff9fdfbe000 	C:\Program Files\Java\jdk-16.0.1\bin\instrument.dll
0x00007ff9edcb0000 - 0x00007ff9edcd5000 	C:\Program Files\Java\jdk-16.0.1\bin\java.dll
0x00007ffa12980000 - 0x00007ffa130c4000 	C:\Windows\System32\SHELL32.dll
0x00007ffa0edd0000 - 0x00007ffa0f564000 	C:\Windows\SYSTEM32\windows.storage.dll
0x00007ffa12620000 - 0x00007ffa12974000 	C:\Windows\System32\combase.dll
0x00007ffa109c0000 - 0x00007ffa109ec000 	C:\Windows\SYSTEM32\Wldp.dll
0x00007ffa130d0000 - 0x00007ffa1317d000 	C:\Windows\System32\SHCORE.dll
0x00007ffa12040000 - 0x00007ffa12095000 	C:\Windows\System32\shlwapi.dll
0x00007ffa10f80000 - 0x00007ffa10f9f000 	C:\Windows\SYSTEM32\profapi.dll
0x00007ff9edc70000 - 0x00007ff9edc88000 	C:\Program Files\Java\jdk-16.0.1\bin\zip.dll
0x00007ff9f1580000 - 0x00007ff9f1599000 	C:\Program Files\Java\jdk-16.0.1\bin\net.dll
0x00007ffa08460000 - 0x00007ffa0856a000 	C:\Windows\SYSTEM32\WINHTTP.dll
0x00007ffa107a0000 - 0x00007ffa1080a000 	C:\Windows\system32\mswsock.dll
0x00007ff9edc90000 - 0x00007ff9edca3000 	C:\Program Files\Java\jdk-16.0.1\bin\nio.dll
0x00007ff9fde60000 - 0x00007ff9fde7a000 	C:\Program Files\JetBrains\IntelliJ IDEA 2021.3.2\bin\breakgen64.dll
0x00007ffa104a0000 - 0x00007ffa1056b000 	C:\Windows\SYSTEM32\DNSAPI.dll
0x00007ffa10460000 - 0x00007ffa1049b000 	C:\Windows\SYSTEM32\IPHLPAPI.DLL
0x00007ffa137b0000 - 0x00007ffa137b8000 	C:\Windows\System32\NSI.dll
0x00007ffa04e80000 - 0x00007ffa04e8a000 	C:\Windows\System32\rasadhlp.dll
0x00007ffa06ad0000 - 0x00007ffa06b50000 	C:\Windows\System32\fwpuclnt.dll
0x00007ffa11520000 - 0x00007ffa11547000 	C:\Windows\System32\bcrypt.dll
0x00007ffa08cd0000 - 0x00007ffa08cd9000 	C:\Program Files\Java\jdk-16.0.1\bin\management.dll
0x00007ffa08cc0000 - 0x00007ffa08ccb000 	C:\Program Files\Java\jdk-16.0.1\bin\management_ext.dll
0x00007ffa10a00000 - 0x00007ffa10a18000 	C:\Windows\SYSTEM32\CRYPTSP.dll
0x00007ffa100d0000 - 0x00007ffa10104000 	C:\Windows\system32\rsaenh.dll
0x00007ffa10f00000 - 0x00007ffa10f2e000 	C:\Windows\SYSTEM32\USERENV.dll
0x00007ffa10930000 - 0x00007ffa1093c000 	C:\Windows\SYSTEM32\CRYPTBASE.dll
0x00007ffa07290000 - 0x00007ffa072a7000 	C:\Windows\SYSTEM32\dhcpcsvc6.DLL
0x00007ffa06ab0000 - 0x00007ffa06acd000 	C:\Windows\SYSTEM32\dhcpcsvc.DLL
0x00007ff9fc3d0000 - 0x00007ff9fc3e7000 	C:\Windows\system32\napinsp.dll
0x00007ff9fc3f0000 - 0x00007ff9fc40b000 	C:\Windows\system32\pnrpnsp.dll
0x00007ffa08840000 - 0x00007ffa08855000 	C:\Windows\system32\wshbth.dll
0x00007ffa08a50000 - 0x00007ffa08a6d000 	C:\Windows\system32\NLAapi.dll
0x00007ff9fc410000 - 0x00007ff9fc422000 	C:\Windows\System32\winrnr.dll
0x00007ffa08d10000 - 0x00007ffa08d1e000 	C:\Program Files\Java\jdk-16.0.1\bin\sunmscapi.dll
0x00007ffa11280000 - 0x00007ffa113d6000 	C:\Windows\System32\CRYPT32.dll
0x00007ffa10b10000 - 0x00007ffa10b37000 	C:\Windows\SYSTEM32\ncrypt.dll
0x00007ffa10ad0000 - 0x00007ffa10b0b000 	C:\Windows\SYSTEM32\NTASN1.dll
0x00007ffa08c30000 - 0x00007ffa08c37000 	C:\Windows\system32\wshunix.dll
0x000001bf1fdd0000 - 0x000001bf1fdd3000 	C:\Users\xlii0161\.javacpp\cache\javacpp-1.5.5-windows-x86_64.jar\org\bytedeco\javacpp\windows-x86_64\api-ms-win-crt-locale-l1-1-0.dll
0x000001bf1fde0000 - 0x000001bf1fde4000 	C:\Users\xlii0161\.javacpp\cache\javacpp-1.5.5-windows-x86_64.jar\org\bytedeco\javacpp\windows-x86_64\api-ms-win-crt-string-l1-1-0.dll
0x000001bf1fdf0000 - 0x000001bf1fdf4000 	C:\Users\xlii0161\.javacpp\cache\javacpp-1.5.5-windows-x86_64.jar\org\bytedeco\javacpp\windows-x86_64\api-ms-win-crt-stdio-l1-1-0.dll
0x000001bf1fe00000 - 0x000001bf1fe05000 	C:\Users\xlii0161\.javacpp\cache\javacpp-1.5.5-windows-x86_64.jar\org\bytedeco\javacpp\windows-x86_64\api-ms-win-crt-math-l1-1-0.dll
0x000001bf1fe10000 - 0x000001bf1fe13000 	C:\Users\xlii0161\.javacpp\cache\javacpp-1.5.5-windows-x86_64.jar\org\bytedeco\javacpp\windows-x86_64\api-ms-win-crt-heap-l1-1-0.dll
0x000001bf1fe20000 - 0x000001bf1fe24000 	C:\Users\xlii0161\.javacpp\cache\javacpp-1.5.5-windows-x86_64.jar\org\bytedeco\javacpp\windows-x86_64\api-ms-win-crt-runtime-l1-1-0.dll
0x000001bf1fe30000 - 0x000001bf1fe34000 	C:\Users\xlii0161\.javacpp\cache\javacpp-1.5.5-windows-x86_64.jar\org\bytedeco\javacpp\windows-x86_64\api-ms-win-crt-convert-l1-1-0.dll
0x000001bf1fe40000 - 0x000001bf1fe43000 	C:\Users\xlii0161\.javacpp\cache\javacpp-1.5.5-windows-x86_64.jar\org\bytedeco\javacpp\windows-x86_64\api-ms-win-crt-environment-l1-1-0.dll
0x000001bf1fe50000 - 0x000001bf1fe53000 	C:\Users\xlii0161\.javacpp\cache\javacpp-1.5.5-windows-x86_64.jar\org\bytedeco\javacpp\windows-x86_64\api-ms-win-crt-time-l1-1-0.dll
0x000001bf1fe60000 - 0x000001bf1fe63000 	C:\Users\xlii0161\.javacpp\cache\javacpp-1.5.5-windows-x86_64.jar\org\bytedeco\javacpp\windows-x86_64\api-ms-win-crt-filesystem-l1-1-0.dll
0x000001bf1fe70000 - 0x000001bf1fe73000 	C:\Users\xlii0161\.javacpp\cache\javacpp-1.5.5-windows-x86_64.jar\org\bytedeco\javacpp\windows-x86_64\api-ms-win-crt-utility-l1-1-0.dll
0x000001bf1fe80000 - 0x000001bf1fe85000 	C:\Users\xlii0161\.javacpp\cache\javacpp-1.5.5-windows-x86_64.jar\org\bytedeco\javacpp\windows-x86_64\api-ms-win-crt-multibyte-l1-1-0.dll
0x000001bf1fe90000 - 0x000001bf1fe93000 	C:\Users\xlii0161\.javacpp\cache\javacpp-1.5.5-windows-x86_64.jar\org\bytedeco\javacpp\windows-x86_64\api-ms-win-core-string-l1-1-0.dll
0x000001bf1fea0000 - 0x000001bf1fea3000 	C:\Users\xlii0161\.javacpp\cache\javacpp-1.5.5-windows-x86_64.jar\org\bytedeco\javacpp\windows-x86_64\api-ms-win-core-errorhandling-l1-1-0.dll
0x000001bf1feb0000 - 0x000001bf1feb3000 	C:\Users\xlii0161\.javacpp\cache\javacpp-1.5.5-windows-x86_64.jar\org\bytedeco\javacpp\windows-x86_64\api-ms-win-core-timezone-l1-1-0.dll
0x000001bf1fec0000 - 0x000001bf1fec4000 	C:\Users\xlii0161\.javacpp\cache\javacpp-1.5.5-windows-x86_64.jar\org\bytedeco\javacpp\windows-x86_64\api-ms-win-core-file-l1-1-0.dll
0x000001bf1fed0000 - 0x000001bf1fed3000 	C:\Users\xlii0161\.javacpp\cache\javacpp-1.5.5-windows-x86_64.jar\org\bytedeco\javacpp\windows-x86_64\api-ms-win-core-namedpipe-l1-1-0.dll
0x000001bf1fee0000 - 0x000001bf1fee3000 	C:\Users\xlii0161\.javacpp\cache\javacpp-1.5.5-windows-x86_64.jar\org\bytedeco\javacpp\windows-x86_64\api-ms-win-core-handle-l1-1-0.dll
0x000001bf1fef0000 - 0x000001bf1fef3000 	C:\Users\xlii0161\.javacpp\cache\javacpp-1.5.5-windows-x86_64.jar\org\bytedeco\javacpp\windows-x86_64\api-ms-win-core-file-l2-1-0.dll
0x000001bf1ff00000 - 0x000001bf1ff03000 	C:\Users\xlii0161\.javacpp\cache\javacpp-1.5.5-windows-x86_64.jar\org\bytedeco\javacpp\windows-x86_64\api-ms-win-core-heap-l1-1-0.dll
0x000001bf1ff10000 - 0x000001bf1ff13000 	C:\Users\xlii0161\.javacpp\cache\javacpp-1.5.5-windows-x86_64.jar\org\bytedeco\javacpp\windows-x86_64\api-ms-win-core-libraryloader-l1-1-0.dll
0x000001bf1ff20000 - 0x000001bf1ff23000 	C:\Users\xlii0161\.javacpp\cache\javacpp-1.5.5-windows-x86_64.jar\org\bytedeco\javacpp\windows-x86_64\api-ms-win-core-synch-l1-1-0.dll
0x000001bf1ff30000 - 0x000001bf1ff33000 	C:\Users\xlii0161\.javacpp\cache\javacpp-1.5.5-windows-x86_64.jar\org\bytedeco\javacpp\windows-x86_64\api-ms-win-core-processthreads-l1-1-0.dll
0x000001bf1ff40000 - 0x000001bf1ff43000 	C:\Users\xlii0161\.javacpp\cache\javacpp-1.5.5-windows-x86_64.jar\org\bytedeco\javacpp\windows-x86_64\api-ms-win-core-processenvironment-l1-1-0.dll
0x000001bf1ff50000 - 0x000001bf1ff53000 	C:\Users\xlii0161\.javacpp\cache\javacpp-1.5.5-windows-x86_64.jar\org\bytedeco\javacpp\windows-x86_64\api-ms-win-core-datetime-l1-1-0.dll
0x000001bf1ff60000 - 0x000001bf1ff63000 	C:\Users\xlii0161\.javacpp\cache\javacpp-1.5.5-windows-x86_64.jar\org\bytedeco\javacpp\windows-x86_64\api-ms-win-core-localization-l1-2-0.dll
0x000001bf1ff70000 - 0x000001bf1ff73000 	C:\Users\xlii0161\.javacpp\cache\javacpp-1.5.5-windows-x86_64.jar\org\bytedeco\javacpp\windows-x86_64\api-ms-win-core-sysinfo-l1-1-0.dll
0x000001bf1ff80000 - 0x000001bf1ff83000 	C:\Users\xlii0161\.javacpp\cache\javacpp-1.5.5-windows-x86_64.jar\org\bytedeco\javacpp\windows-x86_64\api-ms-win-core-synch-l1-2-0.dll
0x000001bf1ff90000 - 0x000001bf1ff93000 	C:\Users\xlii0161\.javacpp\cache\javacpp-1.5.5-windows-x86_64.jar\org\bytedeco\javacpp\windows-x86_64\api-ms-win-core-console-l1-1-0.dll
0x000001bf1ffa0000 - 0x000001bf1ffa3000 	C:\Users\xlii0161\.javacpp\cache\javacpp-1.5.5-windows-x86_64.jar\org\bytedeco\javacpp\windows-x86_64\api-ms-win-core-debug-l1-1-0.dll
0x000001bf1ffb0000 - 0x000001bf1ffb3000 	C:\Users\xlii0161\.javacpp\cache\javacpp-1.5.5-windows-x86_64.jar\org\bytedeco\javacpp\windows-x86_64\api-ms-win-core-rtlsupport-l1-1-0.dll
0x000001bf1ffc0000 - 0x000001bf1ffc3000 	C:\Users\xlii0161\.javacpp\cache\javacpp-1.5.5-windows-x86_64.jar\org\bytedeco\javacpp\windows-x86_64\api-ms-win-core-processthreads-l1-1-1.dll
0x000001bf1ffd0000 - 0x000001bf1ffd3000 	C:\Users\xlii0161\.javacpp\cache\javacpp-1.5.5-windows-x86_64.jar\org\bytedeco\javacpp\windows-x86_64\api-ms-win-core-file-l1-2-0.dll
0x000001bf1ffe0000 - 0x000001bf1ffe3000 	C:\Users\xlii0161\.javacpp\cache\javacpp-1.5.5-windows-x86_64.jar\org\bytedeco\javacpp\windows-x86_64\api-ms-win-core-profile-l1-1-0.dll
0x000001bf1fff0000 - 0x000001bf1fff3000 	C:\Users\xlii0161\.javacpp\cache\javacpp-1.5.5-windows-x86_64.jar\org\bytedeco\javacpp\windows-x86_64\api-ms-win-core-memory-l1-1-0.dll
0x000001bf21fd0000 - 0x000001bf21fd3000 	C:\Users\xlii0161\.javacpp\cache\javacpp-1.5.5-windows-x86_64.jar\org\bytedeco\javacpp\windows-x86_64\api-ms-win-core-util-l1-1-0.dll
0x000001bf21fe0000 - 0x000001bf21fe3000 	C:\Users\xlii0161\.javacpp\cache\javacpp-1.5.5-windows-x86_64.jar\org\bytedeco\javacpp\windows-x86_64\api-ms-win-core-interlocked-l1-1-0.dll
0x00007ff9efb70000 - 0x00007ff9efc6a000 	C:\Users\xlii0161\.javacpp\cache\javacpp-1.5.5-windows-x86_64.jar\org\bytedeco\javacpp\windows-x86_64\ucrtbase.dll
0x00007ffa062f0000 - 0x00007ffa06305000 	C:\Users\xlii0161\.javacpp\cache\javacpp-1.5.5-windows-x86_64.jar\org\bytedeco\javacpp\windows-x86_64\vcruntime140.dll
0x00007ffa08c40000 - 0x00007ffa08c4c000 	C:\Users\xlii0161\.javacpp\cache\javacpp-1.5.5-windows-x86_64.jar\org\bytedeco\javacpp\windows-x86_64\vcruntime140_1.dll
0x00007ff9efad0000 - 0x00007ff9efb6b000 	C:\Users\xlii0161\.javacpp\cache\javacpp-1.5.5-windows-x86_64.jar\org\bytedeco\javacpp\windows-x86_64\msvcp140.dll
0x00007ff9fcd90000 - 0x00007ff9fcd99000 	C:\Users\xlii0161\.javacpp\cache\javacpp-1.5.5-windows-x86_64.jar\org\bytedeco\javacpp\windows-x86_64\msvcp140_1.dll
0x00007ff9f5a70000 - 0x00007ff9f5ac1000 	C:\Users\xlii0161\.javacpp\cache\javacpp-1.5.5-windows-x86_64.jar\org\bytedeco\javacpp\windows-x86_64\concrt140.dll
0x00007ff9f8690000 - 0x00007ff9f86b7000 	C:\Users\xlii0161\.javacpp\cache\javacpp-1.5.5-windows-x86_64.jar\org\bytedeco\javacpp\windows-x86_64\vcomp140.dll
0x00007ff9fcd80000 - 0x00007ff9fcd8e000 	C:\Users\xlii0161\.javacpp\cache\javacpp-1.5.5-windows-x86_64.jar\org\bytedeco\javacpp\windows-x86_64\jnijavacpp.dll
0x000001bf22800000 - 0x000001bf22851000 	C:\Users\xlii0161\.javacpp\cache\libdc1394-2.2.6-1.5.5-windows-x86_64.jar\org\bytedeco\libdc1394\windows-x86_64\1394camera.dll
0x00007ffa13330000 - 0x00007ffa137a1000 	C:\Windows\System32\SETUPAPI.dll
0x00007ffa11820000 - 0x00007ffa1186e000 	C:\Windows\System32\cfgmgr32.dll
0x0000000075aa0000 - 0x0000000075ab5000 	C:\Users\xlii0161\.javacpp\cache\libfreenect-0.5.7-1.5.5-windows-x86_64.jar\org\bytedeco\libfreenect\windows-x86_64\libusb0.dll
0x00007ff9f0970000 - 0x00007ff9f09a9000 	C:\Users\xlii0161\.javacpp\cache\libfreenect-0.5.7-1.5.5-windows-x86_64.jar\org\bytedeco\libfreenect\windows-x86_64\freenect.dll
0x00007ff9f8780000 - 0x00007ff9f8799000 	C:\Users\xlii0161\.javacpp\cache\libfreenect-0.5.7-1.5.5-windows-x86_64.jar\org\bytedeco\libfreenect\windows-x86_64\pthreadVC2.dll
0x00000000759c0000 - 0x0000000075a92000 	C:\Windows\SYSTEM32\MSVCR100.dll
0x00007ff9e92b0000 - 0x00007ff9e92fe000 	C:\Users\xlii0161\.javacpp\cache\libfreenect-0.5.7-1.5.5-windows-x86_64.jar\org\bytedeco\libfreenect\windows-x86_64\jnifreenect.dll
0x00007ff9f8670000 - 0x00007ff9f8683000 	C:\Users\xlii0161\.javacpp\cache\libfreenect2-0.2.0-1.5.5-windows-x86_64.jar\org\bytedeco\libfreenect2\windows-x86_64\glfw3.dll
0x00007ff9e9220000 - 0x00007ff9e92a1000 	C:\Users\xlii0161\.javacpp\cache\libfreenect2-0.2.0-1.5.5-windows-x86_64.jar\org\bytedeco\libfreenect2\windows-x86_64\turbojpeg.dll
0x00007ff9cf870000 - 0x00007ff9cf8ff000 	C:\Users\xlii0161\.javacpp\cache\librealsense-1.12.4-1.5.5-windows-x86_64.jar\org\bytedeco\librealsense\windows-x86_64\realsense.dll
0x00007ffa11c20000 - 0x00007ffa11d4a000 	C:\Windows\System32\ole32.dll

dbghelp: loaded successfully - version: 4.0.5 - missing functions: none
symbol engine: initialized successfully - sym options: 0x614 - pdb path: .;C:\Program Files\Java\jdk-16.0.1\bin;C:\Windows\SYSTEM32;C:\Windows\WinSxS\amd64_microsoft.windows.common-controls_6595b64144ccf1df_6.0.19041.1110_none_60b5254171f9507e;C:\Program Files\Java\jdk-16.0.1\bin\server;C:\Program Files\JetBrains\IntelliJ IDEA 2021.3.2\bin;C:\Users\xlii0161\.javacpp\cache\javacpp-1.5.5-windows-x86_64.jar\org\bytedeco\javacpp\windows-x86_64;C:\Users\xlii0161\.javacpp\cache\libdc1394-2.2.6-1.5.5-windows-x86_64.jar\org\bytedeco\libdc1394\windows-x86_64;C:\Users\xlii0161\.javacpp\cache\libfreenect-0.5.7-1.5.5-windows-x86_64.jar\org\bytedeco\libfreenect\windows-x86_64;C:\Users\xlii0161\.javacpp\cache\libfreenect2-0.2.0-1.5.5-windows-x86_64.jar\org\bytedeco\libfreenect2\windows-x86_64;C:\Users\xlii0161\.javacpp\cache\librealsense-1.12.4-1.5.5-windows-x86_64.jar\org\bytedeco\librealsense\windows-x86_64;C:\Users\xlii0161\.javacpp\cache\librealsense2-2.40.0-1.5.5-windows-x86_64.jar\org\bytedeco\librealsense2\windows-x86_64;C:\Users\xlii0161\.javacpp\cache\openblas-0.3.13-1.5.5-windows-x86_64.jar\org\bytedeco\openblas\windows-x86_64;C:\Program Files\NVIDIA GPU Computing Toolkit\CUDA\v11.3\bin;C:\Users\xlii0161\.javacpp\cache\opencv-4.5.1-1.5.5-windows-x86_64.jar\org\bytedeco\opencv\windows-x86_64;C:\Users\xlii0161\.javacpp\cache\videoinput-0.200-1.5.5-windows-x86_64.jar\org\bytedeco\videoinput\windows-x86_64;C:\Users\xlii0161\.javacpp\cache\ffmpeg-4.3.2-1.5.5-windows-x86_64.jar\org\bytedeco\ffmpeg\windows-x86_64;C:\Program Files\NVIDIA Corporation\nview;C:\Windows\WinSxS\amd64_microsoft.windows.gdiplus_6595b64144ccf1df_1.1.19041.1706_none_919e8e54cc8d4ca1

VM Arguments:
jvm_args: -XX:TieredStopAtLevel=1 -Xverify:none -Dspring.output.ansi.enabled=always -Dcom.sun.management.jmxremote -Dspring.jmx.enabled=true -Dspring.liveBeansView.mbeanDomain -Dspring.application.admin.enabled=true -javaagent:C:\Program Files\JetBrains\IntelliJ IDEA 2021.3.2\lib\idea_rt.jar=53976:C:\Program Files\JetBrains\IntelliJ IDEA 2021.3.2\bin -Dfile.encoding=UTF-8 
java_command: com.monash.analytics.video.AnalyticsVideoApplication
java_class_path (initial): C:\develop\yarn-sense\analytics\analytics-video\target\classes;C:\Users\xlii0161\.m2\repository\org\springframework\boot\spring-boot-starter-thymeleaf\2.5.2\spring-boot-starter-thymeleaf-2.5.2.jar;C:\Users\xlii0161\.m2\repository\org\springframework\boot\spring-boot-starter\2.5.2\spring-boot-starter-2.5.2.jar;C:\Users\xlii0161\.m2\repository\org\springframework\boot\spring-boot-starter-logging\2.5.2\spring-boot-starter-logging-2.5.2.jar;C:\Users\xlii0161\.m2\repository\ch\qos\logback\logback-classic\1.2.3\logback-classic-1.2.3.jar;C:\Users\xlii0161\.m2\repository\ch\qos\logback\logback-core\1.2.3\logback-core-1.2.3.jar;C:\Users\xlii0161\.m2\repository\org\apache\logging\log4j\log4j-to-slf4j\2.14.1\log4j-to-slf4j-2.14.1.jar;C:\Users\xlii0161\.m2\repository\org\apache\logging\log4j\log4j-api\2.14.1\log4j-api-2.14.1.jar;C:\Users\xlii0161\.m2\repository\org\slf4j\jul-to-slf4j\1.7.31\jul-to-slf4j-1.7.31.jar;C:\Users\xlii0161\.m2\repository\jakarta\annotation\jakarta.annotation-api\1.3.5\jakarta.annotation-api-1.3.5.jar;C:\Users\xlii0161\.m2\repository\org\yaml\snakeyaml\1.28\snakeyaml-1.28.jar;C:\Users\xlii0161\.m2\repository\org\thymeleaf\thymeleaf-spring5\3.0.12.RELEASE\thymeleaf-spring5-3.0.12.RELEASE.jar;C:\Users\xlii0161\.m2\repository\org\thymeleaf\thymeleaf\3.0.12.RELEASE\thymeleaf-3.0.12.RELEASE.jar;C:\Users\xlii0161\.m2\repository\org\attoparser\attoparser\2.0.5.RELEASE\attoparser-2.0.5.RELEASE.jar;C:\Users\xlii0161\.m2\repository\org\unbescape\unbescape\1.1.6.RELEASE\unbescape-1.1.6.RELEASE.jar;C:\Users\xlii0161\.m2\repository\org\slf4j\slf4j-api\1.7.31\slf4j-api-1.7.31.jar;C:\Users\xlii0161\.m2\repository\org\thymeleaf\extras\thymeleaf-extras-java8time\3.0.4.RELEASE\thymeleaf-extras-java8time-3.0.4.RELEASE.jar;C:\Users\xlii0161\.m2\repository\commons-io\commons-io\2.8.0\commons-io-2.8.0.jar;C:\Users\xlii0161\.m2\repository\org\apache\commons\commons-lang3\3.11\commons-lang3-3.11.jar;C:\develop\yarn-sense\analytics\analytics-common\
Launcher Type: SUN_STANDARD

[Global flags]
     intx CICompilerCount                          = 4                                         {product} {ergonomic}
     uint ConcGCThreads                            = 3                                         {product} {ergonomic}
     uint G1ConcRefinementThreads                  = 10                                        {product} {ergonomic}
   size_t G1HeapRegionSize                         = 4194304                                   {product} {ergonomic}
    uintx GCDrainStackTargetSize                   = 64                                        {product} {ergonomic}
   size_t InitialHeapSize                          = 532676608                                 {product} {ergonomic}
     bool ManagementServer                         = true                                      {product} {command line}
   size_t MarkStackSize                            = 4194304                                   {product} {ergonomic}
   size_t MaxHeapSize                              = 8522825728                                {product} {ergonomic}
   size_t MaxNewSize                               = 5112856576                                {product} {ergonomic}
   size_t MinHeapDeltaBytes                        = 4194304                                   {product} {ergonomic}
   size_t MinHeapSize                              = 8388608                                   {product} {ergonomic}
    uintx NonNMethodCodeHeapSize                   = 7549744                                {pd product} {ergonomic}
    uintx NonProfiledCodeHeapSize                  = 244108496                              {pd product} {ergonomic}
    uintx ProfiledCodeHeapSize                     = 0                                      {pd product} {ergonomic}
    uintx ReservedCodeCacheSize                    = 251658240                              {pd product} {ergonomic}
     bool SegmentedCodeCache                       = true                                      {product} {ergonomic}
   size_t SoftMaxHeapSize                          = 8522825728                             {manageable} {ergonomic}
     intx TieredStopAtLevel                        = 1                                         {product} {command line}
     bool UseCompressedClassPointers               = true                           {product lp64_product} {ergonomic}
     bool UseCompressedOops                        = true                           {product lp64_product} {ergonomic}
     bool UseG1GC                                  = true                                      {product} {ergonomic}
     bool UseLargePagesIndividualAllocation        = false                                  {pd product} {ergonomic}

Logging:
Log output configuration:
 #0: stdout all=warning uptime,level,tags
 #1: stderr all=off uptime,level,tags

Environment Variables:
PATH=C:\Program Files (x86)\VMware\VMware Workstation\bin\;C:\Program Files\NVIDIA GPU Computing Toolkit\CUDA\v11.3\bin;C:\Program Files\NVIDIA GPU Computing Toolkit\CUDA\v11.3\libnvvp;C:\Program Files\Common Files\Oracle\Java\javapath;C:\Program Files (x86)\Common Files\Oracle\Java\javapath;C:\Windows\system32;C:\Windows;C:\Windows\System32\Wbem;C:\Windows\System32\WindowsPowerShell\v1.0\;C:\Windows\System32\OpenSSH\;C:\Program Files (x86)\Lithnet\Lithnet.MpUpdate;C:\Program Files (x86)\Google\Google Apps Sync\;%JAVA_HOME%\bin;C:\Program Files\Git\cmd;C:\Program Files\nodejs\;C:\ProgramData\chocolatey\bin;C:\Python39;C:\Program Files\Microsoft SQL Server\130\Tools\Binn\;C:\Program Files (x86)\NVIDIA Corporation\PhysX\Common;C:\Program Files\NVIDIA Corporation\Nsight Compute 2021.1.0\;;C:\Program Files\Docker\Docker\resources\bin;C:\ProgramData\DockerDesktop\version-bin;C:\Users\xlii0161\AppData\Local\Microsoft\WindowsApps;C:\Users\xlii0161\AppData\Local\Programs\Microsoft VS Code\bin;C:\develop\videos\ffmpeg-N-104643-g7e9e2cf93b-win64-gpl\bin;C:\Users\xlii0161\AppData\Local\GitHubDesktop\bin;C:\Program Files\Tesseract-OCR;C:\Program Files\JetBrains\IntelliJ IDEA 2021.3.2\bin;;C:\Program Files (x86)\GnuWin32\bin;;C:\Users\xlii0161\AppData\Local\Programs\oh-my-posh\bin
USERNAME=xlii0161
OS=Windows_NT
PROCESSOR_IDENTIFIER=Intel64 Family 6 Model 165 Stepping 2, GenuineIntel



---------------  S Y S T E M  ---------------

OS:
 Windows 10 , 64 bit Build 19041 (10.0.19041.1706)
OS uptime: 0 days 2:42 hours
Hyper-V role detected

CPU: total 12 (initial active 12) (6 cores per cpu, 2 threads per core) family 6 model 165 stepping 2 microcode 0xe2, cx8, cmov, fxsr, ht, mmx, 3dnowpref, sse, sse2, sse3, ssse3, sse4.1, sse4.2, popcnt, lzcnt, tsc, tscinvbit, avx, avx2, aes, erms, clmul, bmi1, bmi2, adx, fma, vzeroupper, clflush, clflushopt, hv

Memory: 4k page, system-wide physical 32509M (21334M free)
TotalPageFile size 37373M (AvailPageFile size 20880M)
current process WorkingSet (physical memory assigned to process): 368M, peak: 373M
current process commit charge ("private bytes"): 3811M, peak: 3817M

vm_info: Java HotSpot(TM) 64-Bit Server VM (16.0.1+9-24) for windows-amd64 JRE (16.0.1+9-24), built on Mar 26 2021 19:31:42 by "mach5one" with MS VC++ 16.7 (VS2019)

END.
